{
  "stats": {
    "suites": 1,
    "tests": 1,
    "passes": 1,
    "pending": 0,
    "failures": 0,
    "start": "2022-02-22T17:28:24.381Z",
    "end": "2022-02-22T17:28:24.853Z",
    "duration": 472,
    "testsRegistered": 1,
    "passPercent": 100,
    "pendingPercent": 0,
    "other": 0,
    "hasOther": false,
    "skipped": 0,
    "hasSkipped": false
  },
  "results": [
    {
      "uuid": "cf7e47fa-f909-4a40-a42a-5216c7e39c56",
      "title": "",
      "fullFile": "cypress/integration/API/POSTLogin.spec.js",
      "file": "cypress/integration/API/POSTLogin.spec.js",
      "beforeHooks": [],
      "afterHooks": [],
      "tests": [],
      "suites": [
        {
          "uuid": "f47d55b8-3601-4877-b4f2-5d53d8eabb2c",
          "title": "Teste de login loja ebac",
          "fullFile": "",
          "file": "",
          "beforeHooks": [],
          "afterHooks": [],
          "tests": [
            {
              "title": "login",
              "fullTitle": "Teste de login loja ebac login",
              "timedOut": null,
              "duration": 440,
              "state": "passed",
              "speed": "fast",
              "pass": true,
              "fail": false,
              "pending": false,
              "context": null,
              "code": "cy.request({\n  method: 'POST',\n  url: 'minha-conta',\n  body: {\n    \"email\": \"aluno_ebac@teste.com\",\n    \"senha\": \"teste@teste.com\"\n  }\n}).then(response => {\n  expect(response.status).to.equal(200); //expect(response.body).to.be.not.null;   \n  // expect(response.body).to.equal(name)            \n  expect(response.toString.name).to.equal('toString'); //expect(response.body).to.include('Minha conta')\n  //expect(response.title).to.equal('Minha conta')\n  //expect(response.body.email).to.equal(\"aluno_ebac@teste.com\")\n});",
              "err": {},
              "uuid": "7bcc0e3a-037e-4bc2-b16a-aeb3599a2b23",
              "parentUUID": "f47d55b8-3601-4877-b4f2-5d53d8eabb2c",
              "isHook": false,
              "skipped": false
            }
          ],
          "suites": [],
          "passes": [
            "7bcc0e3a-037e-4bc2-b16a-aeb3599a2b23"
          ],
          "failures": [],
          "pending": [],
          "skipped": [],
          "duration": 440,
          "root": false,
          "rootEmpty": false,
          "_timeout": 2000
        }
      ],
      "passes": [],
      "failures": [],
      "pending": [],
      "skipped": [],
      "duration": 0,
      "root": true,
      "rootEmpty": true,
      "_timeout": 2000
    }
  ],
  "meta": {
    "mocha": {
      "version": "7.0.1"
    },
    "mochawesome": {
      "options": {
        "quiet": false,
        "reportFilename": "mochawesome",
        "saveHtml": true,
        "saveJson": true,
        "consoleReporter": "spec",
        "useInlineDiffs": false,
        "code": true
      },
      "version": "7.0.1"
    },
    "marge": {
      "options": {
        "reportDir": "mochawesome-report",
        "overwrite": false,
        "html": true,
        "json": true
      },
      "version": "6.0.1"
    }
  }
}