{
  "stats": {
    "suites": 1,
    "tests": 1,
    "passes": 1,
    "pending": 0,
    "failures": 0,
    "start": "2022-02-22T17:20:37.119Z",
    "end": "2022-02-22T17:20:37.600Z",
    "duration": 481,
    "testsRegistered": 1,
    "passPercent": 100,
    "pendingPercent": 0,
    "other": 0,
    "hasOther": false,
    "skipped": 0,
    "hasSkipped": false
  },
  "results": [
    {
      "uuid": "ffb36b98-5953-46a4-8bb8-9e8c6947a9ee",
      "title": "",
      "fullFile": "cypress/integration/API/POSTLogin.spec.js",
      "file": "cypress/integration/API/POSTLogin.spec.js",
      "beforeHooks": [],
      "afterHooks": [],
      "tests": [],
      "suites": [
        {
          "uuid": "38d7bc45-6e2d-4adf-8ec3-a5b8a073f87b",
          "title": "Teste de login loja ebac",
          "fullFile": "",
          "file": "",
          "beforeHooks": [],
          "afterHooks": [],
          "tests": [
            {
              "title": "login",
              "fullTitle": "Teste de login loja ebac login",
              "timedOut": null,
              "duration": 449,
              "state": "passed",
              "speed": "fast",
              "pass": true,
              "fail": false,
              "pending": false,
              "context": null,
              "code": "cy.request({\n  method: 'POST',\n  url: 'minha-conta',\n  body: {\n    \"email\": \"aluno_ebac@teste.com\",\n    \"senha\": \"teste@teste.com\"\n  }\n}).then(response => {\n  expect(response.status).to.equal(200); //expect(response.body).to.be.not.null;   \n  // expect(response.body).to.equal(name)            \n  expect(response.toString.name).to.equal('toString'); //expect(response.body).to.include('Minha conta')\n  //expect(response.title).to.equal('Minha conta')\n  //expect(response.body.email).to.equal(\"aluno_ebac@teste.com\")\n});",
              "err": {},
              "uuid": "260f53bb-a373-4709-827a-4def8f686375",
              "parentUUID": "38d7bc45-6e2d-4adf-8ec3-a5b8a073f87b",
              "isHook": false,
              "skipped": false
            }
          ],
          "suites": [],
          "passes": [
            "260f53bb-a373-4709-827a-4def8f686375"
          ],
          "failures": [],
          "pending": [],
          "skipped": [],
          "duration": 449,
          "root": false,
          "rootEmpty": false,
          "_timeout": 2000
        }
      ],
      "passes": [],
      "failures": [],
      "pending": [],
      "skipped": [],
      "duration": 0,
      "root": true,
      "rootEmpty": true,
      "_timeout": 2000
    }
  ],
  "meta": {
    "mocha": {
      "version": "7.0.1"
    },
    "mochawesome": {
      "options": {
        "quiet": false,
        "reportFilename": "mochawesome",
        "saveHtml": false,
        "saveJson": true,
        "consoleReporter": "spec",
        "useInlineDiffs": false,
        "code": true
      },
      "version": "7.0.1"
    },
    "marge": {
      "options": {
        "reportDir": "mochawesome-report",
        "overwrite": false,
        "html": false,
        "json": true
      },
      "version": "6.0.1"
    }
  }
}