{
  "stats": {
    "suites": 1,
    "tests": 1,
    "passes": 0,
    "pending": 0,
    "failures": 1,
    "start": "2022-02-22T17:28:31.296Z",
    "end": "2022-02-22T17:28:48.966Z",
    "duration": 17670,
    "testsRegistered": 1,
    "passPercent": 0,
    "pendingPercent": 0,
    "other": 0,
    "hasOther": false,
    "skipped": 0,
    "hasSkipped": false
  },
  "results": [
    {
      "uuid": "365daccc-f9d9-41c2-a16e-dfdad0c65c6e",
      "title": "",
      "fullFile": "cypress/integration/IU/SearchProdutos.spec.js",
      "file": "cypress/integration/IU/SearchProdutos.spec.js",
      "beforeHooks": [],
      "afterHooks": [],
      "tests": [],
      "suites": [
        {
          "uuid": "9e049081-7421-4876-bd00-94976841215a",
          "title": "Menu de pesquisa",
          "fullFile": "",
          "file": "",
          "beforeHooks": [],
          "afterHooks": [],
          "tests": [
            {
              "title": "Adiciona um produto como favorito depois exclui",
              "fullTitle": "Menu de pesquisa Adiciona um produto como favorito depois exclui",
              "timedOut": null,
              "duration": 17579,
              "state": "failed",
              "speed": null,
              "pass": false,
              "fail": true,
              "pending": false,
              "context": null,
              "code": "cy.get('#primary-menu > .menu-item-629 > a').click();\ncy.get('.tbay-woocommerce-breadcrumb > :nth-child(2)').should('contain', 'Produtos');\ncy.get('[class=\"product-block grid\"]').eq(3).click();\ncy.get('.summary > .yith-wcwl-add-to-wishlist > .yith-wcwl-add-button > .add_to_wishlist > :nth-child(2) > .fa').click({\n  force: true\n}); // vai verificar se está na lista de desejo\ncy.get(':nth-child(2) > .text-skin > .fa').click({\n  force: true\n}); //vai remover produto\ncy.get('.remove > .fa').click();\ncy.get('.wishlist-empty').should('contain', 'No products were added to the wishlist');\ncy.get('.woocommerce-message').should('contain', 'Produto removida com sucesso.'); // faz logout\ncy.get('.topbar-inner > :nth-child(1) > .list-inline > :nth-child(2) > a').click();",
              "err": {
                "message": "AssertionError: Timed out retrying after 4000ms: Expected to find element: `.summary > .yith-wcwl-add-to-wishlist > .yith-wcwl-add-button > .add_to_wishlist > :nth-child(2) > .fa`, but never found it.",
                "estack": "AssertionError: Timed out retrying after 4000ms: Expected to find element: `.summary > .yith-wcwl-add-to-wishlist > .yith-wcwl-add-button > .add_to_wishlist > :nth-child(2) > .fa`, but never found it.\n    at Context.eval (http://lojaebac.ebaconline.art.br/__cypress/tests?p=cypress\\integration\\IU\\SearchProdutos.spec.js:109:8)",
                "diff": null
              },
              "uuid": "a8110afb-160f-4a3f-bdc5-562e74ba4bf0",
              "parentUUID": "9e049081-7421-4876-bd00-94976841215a",
              "isHook": false,
              "skipped": false
            }
          ],
          "suites": [],
          "passes": [],
          "failures": [
            "a8110afb-160f-4a3f-bdc5-562e74ba4bf0"
          ],
          "pending": [],
          "skipped": [],
          "duration": 17579,
          "root": false,
          "rootEmpty": false,
          "_timeout": 2000
        }
      ],
      "passes": [],
      "failures": [],
      "pending": [],
      "skipped": [],
      "duration": 0,
      "root": true,
      "rootEmpty": true,
      "_timeout": 2000
    }
  ],
  "meta": {
    "mocha": {
      "version": "7.0.1"
    },
    "mochawesome": {
      "options": {
        "quiet": false,
        "reportFilename": "mochawesome",
        "saveHtml": true,
        "saveJson": true,
        "consoleReporter": "spec",
        "useInlineDiffs": false,
        "code": true
      },
      "version": "7.0.1"
    },
    "marge": {
      "options": {
        "reportDir": "mochawesome-report",
        "overwrite": false,
        "html": true,
        "json": true
      },
      "version": "6.0.1"
    }
  }
}