{
  "stats": {
    "suites": 1,
    "tests": 1,
    "passes": 1,
    "pending": 0,
    "failures": 0,
    "start": "2022-02-22T17:28:18.220Z",
    "end": "2022-02-22T17:28:19.747Z",
    "duration": 1527,
    "testsRegistered": 1,
    "passPercent": 100,
    "pendingPercent": 0,
    "other": 0,
    "hasOther": false,
    "skipped": 0,
    "hasSkipped": false
  },
  "results": [
    {
      "uuid": "88832030-79d9-40ea-9a65-75672745ac46",
      "title": "",
      "fullFile": "cypress/integration/API/POSTListarProdutos.spec.js",
      "file": "cypress/integration/API/POSTListarProdutos.spec.js",
      "beforeHooks": [],
      "afterHooks": [],
      "tests": [],
      "suites": [
        {
          "uuid": "216d20a2-8f5c-47ae-892e-db3eae96d28f",
          "title": "listar produtos",
          "fullFile": "",
          "file": "",
          "beforeHooks": [],
          "afterHooks": [],
          "tests": [
            {
              "title": "Ver produtos",
              "fullTitle": "listar produtos Ver produtos",
              "timedOut": null,
              "duration": 1237,
              "state": "passed",
              "speed": "fast",
              "pass": true,
              "fail": false,
              "pending": false,
              "context": null,
              "code": "cy.request({\n  method: 'POST',\n  url: 'produtos',\n  failOnStatusCode: false\n}).then(response => {\n  expect(response.status).to.equal(200);\n  cy.log(response.statusText);\n  cy.log(response.body); //cy.url().should('eq', 'http://lojaebac.ebaconline.art.br/xmlrpc.php')\n  //cy.url().should('contain', '#lojaebac.ebaconline.art')\n  //expect(response.headers.title).to.equal('produtos')\n});",
              "err": {},
              "uuid": "3e8e4bf0-ddfa-4071-a297-b3ed9ae7f2b1",
              "parentUUID": "216d20a2-8f5c-47ae-892e-db3eae96d28f",
              "isHook": false,
              "skipped": false
            }
          ],
          "suites": [],
          "passes": [
            "3e8e4bf0-ddfa-4071-a297-b3ed9ae7f2b1"
          ],
          "failures": [],
          "pending": [],
          "skipped": [],
          "duration": 1237,
          "root": false,
          "rootEmpty": false,
          "_timeout": 2000
        }
      ],
      "passes": [],
      "failures": [],
      "pending": [],
      "skipped": [],
      "duration": 0,
      "root": true,
      "rootEmpty": true,
      "_timeout": 2000
    }
  ],
  "meta": {
    "mocha": {
      "version": "7.0.1"
    },
    "mochawesome": {
      "options": {
        "quiet": false,
        "reportFilename": "mochawesome",
        "saveHtml": true,
        "saveJson": true,
        "consoleReporter": "spec",
        "useInlineDiffs": false,
        "code": true
      },
      "version": "7.0.1"
    },
    "marge": {
      "options": {
        "reportDir": "mochawesome-report",
        "overwrite": false,
        "html": true,
        "json": true
      },
      "version": "6.0.1"
    }
  }
}