{
  "stats": {
    "suites": 6,
    "tests": 6,
    "passes": 4,
    "pending": 0,
    "failures": 2,
    "start": "2022-02-22T17:20:30.874Z",
    "end": "2022-02-22T17:28:48.966Z",
    "duration": 39662,
    "testsRegistered": 6,
    "passPercent": 66.66666666666667,
    "pendingPercent": 0,
    "other": 0,
    "hasOther": false,
    "skipped": 0,
    "hasSkipped": false
  },
  "results": [
    {
      "uuid": "ffb36b98-5953-46a4-8bb8-9e8c6947a9ee",
      "title": "",
      "fullFile": "cypress/integration/API/POSTLogin.spec.js",
      "file": "cypress/integration/API/POSTLogin.spec.js",
      "beforeHooks": [],
      "afterHooks": [],
      "tests": [],
      "suites": [
        {
          "uuid": "38d7bc45-6e2d-4adf-8ec3-a5b8a073f87b",
          "title": "Teste de login loja ebac",
          "fullFile": "",
          "file": "",
          "beforeHooks": [],
          "afterHooks": [],
          "tests": [
            {
              "title": "login",
              "fullTitle": "Teste de login loja ebac login",
              "timedOut": null,
              "duration": 449,
              "state": "passed",
              "speed": "fast",
              "pass": true,
              "fail": false,
              "pending": false,
              "context": null,
              "code": "cy.request({\n  method: 'POST',\n  url: 'minha-conta',\n  body: {\n    \"email\": \"aluno_ebac@teste.com\",\n    \"senha\": \"teste@teste.com\"\n  }\n}).then(response => {\n  expect(response.status).to.equal(200); //expect(response.body).to.be.not.null;   \n  // expect(response.body).to.equal(name)            \n  expect(response.toString.name).to.equal('toString'); //expect(response.body).to.include('Minha conta')\n  //expect(response.title).to.equal('Minha conta')\n  //expect(response.body.email).to.equal(\"aluno_ebac@teste.com\")\n});",
              "err": {},
              "uuid": "260f53bb-a373-4709-827a-4def8f686375",
              "parentUUID": "38d7bc45-6e2d-4adf-8ec3-a5b8a073f87b",
              "isHook": false,
              "skipped": false
            }
          ],
          "suites": [],
          "passes": [
            "260f53bb-a373-4709-827a-4def8f686375"
          ],
          "failures": [],
          "pending": [],
          "skipped": [],
          "duration": 449,
          "root": false,
          "rootEmpty": false,
          "_timeout": 2000
        }
      ],
      "passes": [],
      "failures": [],
      "pending": [],
      "skipped": [],
      "duration": 0,
      "root": true,
      "rootEmpty": true,
      "_timeout": 2000
    },
    {
      "uuid": "769e973f-29c3-45a9-a56a-6e93b41aa51c",
      "title": "",
      "fullFile": "cypress/integration/IU/SearchProdutos.spec.js",
      "file": "cypress/integration/IU/SearchProdutos.spec.js",
      "beforeHooks": [],
      "afterHooks": [],
      "tests": [],
      "suites": [
        {
          "uuid": "9a9a7026-961d-4323-89b2-fa641da62b20",
          "title": "Menu de pesquisa",
          "fullFile": "",
          "file": "",
          "beforeHooks": [],
          "afterHooks": [],
          "tests": [
            {
              "title": "Adiciona um produto como favorito depois exclui",
              "fullTitle": "Menu de pesquisa Adiciona um produto como favorito depois exclui",
              "timedOut": null,
              "duration": 18764,
              "state": "failed",
              "speed": null,
              "pass": false,
              "fail": true,
              "pending": false,
              "context": null,
              "code": "cy.get('#primary-menu > .menu-item-629 > a').click();\ncy.get('.tbay-woocommerce-breadcrumb > :nth-child(2)').should('contain', 'Produtos');\ncy.get('[class=\"product-block grid\"]').eq(3).click();\ncy.get('.summary > .yith-wcwl-add-to-wishlist > .yith-wcwl-add-button > .add_to_wishlist > :nth-child(2) > .fa').click({\n  force: true\n}); // vai verificar se está na lista de desejo\ncy.get(':nth-child(2) > .text-skin > .fa').click({\n  force: true\n}); //vai remover produto\ncy.get('.remove > .fa').click();\ncy.get('.wishlist-empty').should('contain', 'No products were added to the wishlist');\ncy.get('.woocommerce-message').should('contain', 'Produto removida com sucesso.'); // faz logout\ncy.get('.topbar-inner > :nth-child(1) > .list-inline > :nth-child(2) > a').click();",
              "err": {
                "message": "AssertionError: Timed out retrying after 4000ms: Expected to find element: `.remove > .fa`, but never found it.",
                "estack": "AssertionError: Timed out retrying after 4000ms: Expected to find element: `.remove > .fa`, but never found it.\n    at Context.eval (http://lojaebac.ebaconline.art.br/__cypress/tests?p=cypress\\integration\\IU\\SearchProdutos.spec.js:117:8)",
                "diff": null
              },
              "uuid": "938a14ac-6fb7-4107-ba9e-6349628d0c8e",
              "parentUUID": "9a9a7026-961d-4323-89b2-fa641da62b20",
              "isHook": false,
              "skipped": false
            }
          ],
          "suites": [],
          "passes": [],
          "failures": [
            "938a14ac-6fb7-4107-ba9e-6349628d0c8e"
          ],
          "pending": [],
          "skipped": [],
          "duration": 18764,
          "root": false,
          "rootEmpty": false,
          "_timeout": 2000
        }
      ],
      "passes": [],
      "failures": [],
      "pending": [],
      "skipped": [],
      "duration": 0,
      "root": true,
      "rootEmpty": true,
      "_timeout": 2000
    },
    {
      "uuid": "88832030-79d9-40ea-9a65-75672745ac46",
      "title": "",
      "fullFile": "cypress/integration/API/POSTListarProdutos.spec.js",
      "file": "cypress/integration/API/POSTListarProdutos.spec.js",
      "beforeHooks": [],
      "afterHooks": [],
      "tests": [],
      "suites": [
        {
          "uuid": "216d20a2-8f5c-47ae-892e-db3eae96d28f",
          "title": "listar produtos",
          "fullFile": "",
          "file": "",
          "beforeHooks": [],
          "afterHooks": [],
          "tests": [
            {
              "title": "Ver produtos",
              "fullTitle": "listar produtos Ver produtos",
              "timedOut": null,
              "duration": 1237,
              "state": "passed",
              "speed": "fast",
              "pass": true,
              "fail": false,
              "pending": false,
              "context": null,
              "code": "cy.request({\n  method: 'POST',\n  url: 'produtos',\n  failOnStatusCode: false\n}).then(response => {\n  expect(response.status).to.equal(200);\n  cy.log(response.statusText);\n  cy.log(response.body); //cy.url().should('eq', 'http://lojaebac.ebaconline.art.br/xmlrpc.php')\n  //cy.url().should('contain', '#lojaebac.ebaconline.art')\n  //expect(response.headers.title).to.equal('produtos')\n});",
              "err": {},
              "uuid": "3e8e4bf0-ddfa-4071-a297-b3ed9ae7f2b1",
              "parentUUID": "216d20a2-8f5c-47ae-892e-db3eae96d28f",
              "isHook": false,
              "skipped": false
            }
          ],
          "suites": [],
          "passes": [
            "3e8e4bf0-ddfa-4071-a297-b3ed9ae7f2b1"
          ],
          "failures": [],
          "pending": [],
          "skipped": [],
          "duration": 1237,
          "root": false,
          "rootEmpty": false,
          "_timeout": 2000
        }
      ],
      "passes": [],
      "failures": [],
      "pending": [],
      "skipped": [],
      "duration": 0,
      "root": true,
      "rootEmpty": true,
      "_timeout": 2000
    },
    {
      "uuid": "cf7e47fa-f909-4a40-a42a-5216c7e39c56",
      "title": "",
      "fullFile": "cypress/integration/API/POSTLogin.spec.js",
      "file": "cypress/integration/API/POSTLogin.spec.js",
      "beforeHooks": [],
      "afterHooks": [],
      "tests": [],
      "suites": [
        {
          "uuid": "f47d55b8-3601-4877-b4f2-5d53d8eabb2c",
          "title": "Teste de login loja ebac",
          "fullFile": "",
          "file": "",
          "beforeHooks": [],
          "afterHooks": [],
          "tests": [
            {
              "title": "login",
              "fullTitle": "Teste de login loja ebac login",
              "timedOut": null,
              "duration": 440,
              "state": "passed",
              "speed": "fast",
              "pass": true,
              "fail": false,
              "pending": false,
              "context": null,
              "code": "cy.request({\n  method: 'POST',\n  url: 'minha-conta',\n  body: {\n    \"email\": \"aluno_ebac@teste.com\",\n    \"senha\": \"teste@teste.com\"\n  }\n}).then(response => {\n  expect(response.status).to.equal(200); //expect(response.body).to.be.not.null;   \n  // expect(response.body).to.equal(name)            \n  expect(response.toString.name).to.equal('toString'); //expect(response.body).to.include('Minha conta')\n  //expect(response.title).to.equal('Minha conta')\n  //expect(response.body.email).to.equal(\"aluno_ebac@teste.com\")\n});",
              "err": {},
              "uuid": "7bcc0e3a-037e-4bc2-b16a-aeb3599a2b23",
              "parentUUID": "f47d55b8-3601-4877-b4f2-5d53d8eabb2c",
              "isHook": false,
              "skipped": false
            }
          ],
          "suites": [],
          "passes": [
            "7bcc0e3a-037e-4bc2-b16a-aeb3599a2b23"
          ],
          "failures": [],
          "pending": [],
          "skipped": [],
          "duration": 440,
          "root": false,
          "rootEmpty": false,
          "_timeout": 2000
        }
      ],
      "passes": [],
      "failures": [],
      "pending": [],
      "skipped": [],
      "duration": 0,
      "root": true,
      "rootEmpty": true,
      "_timeout": 2000
    },
    {
      "uuid": "365daccc-f9d9-41c2-a16e-dfdad0c65c6e",
      "title": "",
      "fullFile": "cypress/integration/IU/SearchProdutos.spec.js",
      "file": "cypress/integration/IU/SearchProdutos.spec.js",
      "beforeHooks": [],
      "afterHooks": [],
      "tests": [],
      "suites": [
        {
          "uuid": "9e049081-7421-4876-bd00-94976841215a",
          "title": "Menu de pesquisa",
          "fullFile": "",
          "file": "",
          "beforeHooks": [],
          "afterHooks": [],
          "tests": [
            {
              "title": "Adiciona um produto como favorito depois exclui",
              "fullTitle": "Menu de pesquisa Adiciona um produto como favorito depois exclui",
              "timedOut": null,
              "duration": 17579,
              "state": "failed",
              "speed": null,
              "pass": false,
              "fail": true,
              "pending": false,
              "context": null,
              "code": "cy.get('#primary-menu > .menu-item-629 > a').click();\ncy.get('.tbay-woocommerce-breadcrumb > :nth-child(2)').should('contain', 'Produtos');\ncy.get('[class=\"product-block grid\"]').eq(3).click();\ncy.get('.summary > .yith-wcwl-add-to-wishlist > .yith-wcwl-add-button > .add_to_wishlist > :nth-child(2) > .fa').click({\n  force: true\n}); // vai verificar se está na lista de desejo\ncy.get(':nth-child(2) > .text-skin > .fa').click({\n  force: true\n}); //vai remover produto\ncy.get('.remove > .fa').click();\ncy.get('.wishlist-empty').should('contain', 'No products were added to the wishlist');\ncy.get('.woocommerce-message').should('contain', 'Produto removida com sucesso.'); // faz logout\ncy.get('.topbar-inner > :nth-child(1) > .list-inline > :nth-child(2) > a').click();",
              "err": {
                "message": "AssertionError: Timed out retrying after 4000ms: Expected to find element: `.summary > .yith-wcwl-add-to-wishlist > .yith-wcwl-add-button > .add_to_wishlist > :nth-child(2) > .fa`, but never found it.",
                "estack": "AssertionError: Timed out retrying after 4000ms: Expected to find element: `.summary > .yith-wcwl-add-to-wishlist > .yith-wcwl-add-button > .add_to_wishlist > :nth-child(2) > .fa`, but never found it.\n    at Context.eval (http://lojaebac.ebaconline.art.br/__cypress/tests?p=cypress\\integration\\IU\\SearchProdutos.spec.js:109:8)",
                "diff": null
              },
              "uuid": "a8110afb-160f-4a3f-bdc5-562e74ba4bf0",
              "parentUUID": "9e049081-7421-4876-bd00-94976841215a",
              "isHook": false,
              "skipped": false
            }
          ],
          "suites": [],
          "passes": [],
          "failures": [
            "a8110afb-160f-4a3f-bdc5-562e74ba4bf0"
          ],
          "pending": [],
          "skipped": [],
          "duration": 17579,
          "root": false,
          "rootEmpty": false,
          "_timeout": 2000
        }
      ],
      "passes": [],
      "failures": [],
      "pending": [],
      "skipped": [],
      "duration": 0,
      "root": true,
      "rootEmpty": true,
      "_timeout": 2000
    },
    {
      "uuid": "89e79459-6204-4410-8bbd-8b5ea99daa4c",
      "title": "",
      "fullFile": "cypress/integration/API/POSTListarProdutos.spec.js",
      "file": "cypress/integration/API/POSTListarProdutos.spec.js",
      "beforeHooks": [],
      "afterHooks": [],
      "tests": [],
      "suites": [
        {
          "uuid": "28b8d8a9-3580-4fa9-ac3f-9a83a3215d6a",
          "title": "listar produtos",
          "fullFile": "",
          "file": "",
          "beforeHooks": [],
          "afterHooks": [],
          "tests": [
            {
              "title": "Ver produtos",
              "fullTitle": "listar produtos Ver produtos",
              "timedOut": null,
              "duration": 1193,
              "state": "passed",
              "speed": "fast",
              "pass": true,
              "fail": false,
              "pending": false,
              "context": null,
              "code": "cy.request({\n  method: 'POST',\n  url: 'produtos',\n  failOnStatusCode: false\n}).then(response => {\n  expect(response.status).to.equal(200);\n  cy.log(response.statusText);\n  cy.log(response.body); //cy.url().should('eq', 'http://lojaebac.ebaconline.art.br/xmlrpc.php')\n  //cy.url().should('contain', '#lojaebac.ebaconline.art')\n  //expect(response.headers.title).to.equal('produtos')\n});",
              "err": {},
              "uuid": "4f59f8f1-9d80-417d-8897-4077c3f509f2",
              "parentUUID": "28b8d8a9-3580-4fa9-ac3f-9a83a3215d6a",
              "isHook": false,
              "skipped": false
            }
          ],
          "suites": [],
          "passes": [
            "4f59f8f1-9d80-417d-8897-4077c3f509f2"
          ],
          "failures": [],
          "pending": [],
          "skipped": [],
          "duration": 1193,
          "root": false,
          "rootEmpty": false,
          "_timeout": 2000
        }
      ],
      "passes": [],
      "failures": [],
      "pending": [],
      "skipped": [],
      "duration": 0,
      "root": true,
      "rootEmpty": true,
      "_timeout": 2000
    }
  ],
  "meta": {
    "mocha": {
      "version": "7.0.1"
    },
    "mochawesome": {
      "options": {
        "quiet": false,
        "reportFilename": "mochawesome",
        "saveHtml": false,
        "saveJson": true,
        "consoleReporter": "spec",
        "useInlineDiffs": false,
        "code": true
      },
      "version": "7.0.1"
    },
    "marge": {
      "options": {
        "reportDir": "mochawesome-report",
        "overwrite": false,
        "html": false,
        "json": true
      },
      "version": "6.0.1"
    }
  }
}